{"numFailedTestSuites":0,"numFailedTests":0,"numPassedTestSuites":1,"numPassedTests":6,"numPendingTestSuites":0,"numPendingTests":0,"numRuntimeErrorTestSuites":0,"numTodoTests":0,"numTotalTestSuites":1,"numTotalTests":6,"openHandles":[],"snapshot":{"added":0,"didUpdate":false,"failure":false,"filesAdded":0,"filesRemoved":0,"filesRemovedList":[],"filesUnmatched":0,"filesUpdated":0,"matched":0,"total":0,"unchecked":0,"uncheckedKeysByFile":[],"unmatched":0,"updated":0},"startTime":1740541384021,"success":true,"testResults":[{"assertionResults":[{"ancestorTitles":["Validation du Contact"],"duration":3,"failureDetails":[],"failureMessages":[],"fullName":"Validation du Contact devrait valider un email valide","invocations":1,"location":null,"numPassingAsserts":1,"retryReasons":[],"status":"passed","title":"devrait valider un email valide"},{"ancestorTitles":["Validation du Contact"],"duration":1,"failureDetails":[],"failureMessages":[],"fullName":"Validation du Contact devrait invalider un email invalide","invocations":1,"location":null,"numPassingAsserts":1,"retryReasons":[],"status":"passed","title":"devrait invalider un email invalide"},{"ancestorTitles":["Validation du Contact"],"duration":0,"failureDetails":[],"failureMessages":[],"fullName":"Validation du Contact devrait valider un contact avec tous les champs requis","invocations":1,"location":null,"numPassingAsserts":1,"retryReasons":[],"status":"passed","title":"devrait valider un contact avec tous les champs requis"},{"ancestorTitles":["Validation du Contact"],"duration":0,"failureDetails":[],"failureMessages":[],"fullName":"Validation du Contact devrait invalider un contact manquant un champ requis","invocations":1,"location":null,"numPassingAsserts":1,"retryReasons":[],"status":"passed","title":"devrait invalider un contact manquant un champ requis"},{"ancestorTitles":["Validation du Contact"],"duration":0,"failureDetails":[],"failureMessages":[],"fullName":"Validation du Contact devrait invalider un contact vide","invocations":1,"location":null,"numPassingAsserts":1,"retryReasons":[],"status":"passed","title":"devrait invalider un contact vide"},{"ancestorTitles":["Validation du Contact"],"duration":0,"failureDetails":[],"failureMessages":[],"fullName":"Validation du Contact ne devrait pas planter avec une entrée invalide (null ou undefined)","invocations":1,"location":null,"numPassingAsserts":2,"retryReasons":[],"status":"passed","title":"ne devrait pas planter avec une entrée invalide (null ou undefined)"}],"endTime":1740541386021,"message":"","name":"C:\\Users\\user\\Documents\\MA CLASSE\\AUTOMNE 2024\\TEST\\projet-gestion-contacts\\tests\\unit\\contact.test.js","startTime":1740541385151,"status":"passed","summary":""}],"wasInterrupted":false}
